[INFO ] XCP server dest addr: 192.168.0.206:5555
[INFO ] XCP client local bind addr: 0.0.0.0:0
[INFO ] Generate A2L file no_a2l_demo.a2l with ELF/DWARF information only,  offline mode 
[INFO ] Reading ELF file: no_a2l_demo.out
[INFO ] Loading debug information from ELF file: no_a2l_demo.out
[INFO ] dwarf::load_dwarf: Load from no_a2l_demo.out
[INFO ] dwarf::load_elf_file: Parsing elf file with object crate: no_a2l_demo.out

ELF file format: Elf
Architecture: Aarch64
Endianness: Little

Sections:
  Name: .interp              Addr: 0x00000270 Size: 27 bytes Kind: ReadOnlyData 
  Name: .note.gnu.build-id   Addr: 0x0000028c Size: 36 bytes Kind: Note 
  Name: .note.ABI-tag        Addr: 0x000002b0 Size: 32 bytes Kind: Note 
  Name: .gnu.hash            Addr: 0x000002d0 Size: 28 bytes Kind: Elf(1879048182) 
  Name: .dynsym              Addr: 0x000002f0 Size: 1632 bytes Kind: Metadata 
  Name: .dynstr              Addr: 0x00000950 Size: 726 bytes Kind: Metadata 
  Name: .gnu.version         Addr: 0x00000c26 Size: 136 bytes Kind: Elf(1879048191) 
  Name: .gnu.version_r       Addr: 0x00000cb0 Size: 48 bytes Kind: Elf(1879048190) 
  Name: .rela.dyn            Addr: 0x00000ce0 Size: 360 bytes Kind: Metadata 
  Name: .rela.plt            Addr: 0x00000e48 Size: 1488 bytes Kind: Metadata 
  Name: .init                Addr: 0x00001418 Size: 24 bytes Kind: Text 
  Name: .plt                 Addr: 0x00001430 Size: 1024 bytes Kind: Text 
  Name: .text                Addr: 0x00001840 Size: 41120 bytes Kind: Text 
  Name: .fini                Addr: 0x0000b8e0 Size: 20 bytes Kind: Text 
  Name: .rodata              Addr: 0x0000b8f8 Size: 12677 bytes Kind: ReadOnlyData 
  Name: .xcp.meta            Addr: 0x0000ea80 Size: 16 bytes Kind: ReadOnlyData 
  Name: .eh_frame_hdr        Addr: 0x0000ea90 Size: 1380 bytes Kind: ReadOnlyData 
  Name: .eh_frame            Addr: 0x0000eff8 Size: 6756 bytes Kind: ReadOnlyData 
  Name: .tdata               Addr: 0x0002fd94 Size: 12 bytes Kind: Tls 
  Name: .tbss                Addr: 0x0002fda0 Size: 2 bytes Kind: UninitializedTls 
  Name: .init_array          Addr: 0x0002fda0 Size: 16 bytes Kind: Elf(14) 
  Name: .fini_array          Addr: 0x0002fdb0 Size: 8 bytes Kind: Elf(15) 
  Name: .dynamic             Addr: 0x0002fdb8 Size: 480 bytes Kind: Metadata 
  Name: .got                 Addr: 0x0002ff98 Size: 80 bytes Kind: Data 
  Name: .got.plt             Addr: 0x0002ffe8 Size: 520 bytes Kind: Data 
  Name: .data                Addr: 0x000301f0 Size: 98 bytes Kind: Data 
  Name: .xcp.strings         Addr: 0x00030258 Size: 16 bytes Kind: Data 
  Name: .bss                 Addr: 0x00030268 Size: 2616 bytes Kind: UninitializedData 
  Name: .comment             Addr: 0x00000000 Size: 39 bytes Kind: OtherString 
  Name: .debug_aranges       Addr: 0x00000000 Size: 384 bytes Kind: Other 
  Name: .debug_info          Addr: 0x00000000 Size: 64138 bytes Kind: Other 
  Name: .debug_abbrev        Addr: 0x00000000 Size: 7762 bytes Kind: Other 
  Name: .debug_line          Addr: 0x00000000 Size: 25001 bytes Kind: Other 
  Name: .debug_str           Addr: 0x00000000 Size: 10473 bytes Kind: OtherString 
  Name: .debug_line_str      Addr: 0x00000000 Size: 1204 bytes Kind: OtherString 
  Name: .debug_loclists      Addr: 0x00000000 Size: 25019 bytes Kind: Other 
  Name: .debug_rnglists      Addr: 0x00000000 Size: 1422 bytes Kind: Other 
  Name: .symtab              Addr: 0x00000000 Size: 10896 bytes Kind: Metadata 
  Name: .strtab              Addr: 0x00000000 Size: 5616 bytes Kind: Metadata 
  Name: .shstrtab            Addr: 0x00000000 Size: 407 bytes Kind: Metadata 


[INFO ] dwarf::load_dwarf_sections
DWARF compile units: 8
[INFO ] dwarf::get_elf_sections: Creating ELF sections map for debug data (only size!=0 and addr!=0)
[INFO ] cfa::get_cfa_from_object: CFA parser loading DWARF sections...
[INFO ] cfa::load_dwarf_sections
[INFO ] CFA parser: Extracting function information from DWARF...
[INFO ] cfa::extract_function_info: Extracting function info from DWARF...
       Row 1: 0x00001CD0-0x00001CD4 CFA rule: register 31 + offset 0 CFA = SP + 0 (AArch64)
       Row 2: 0x00001CD4-0x00001CD8 CFA rule: register 31 + offset 128 CFA = SP + 128 (AArch64)
       Row 3: 0x00001CD8-0x00001CDC CFA rule: register 29 + offset 128 CFA = FP + 128 (frame pointer based)
'main':  Frame base offset Some(0) CFI CFA offset for Some(128)  Final CFA offset Some(128)  Found function: main at 0x00001cd0-0x00001f50
       Row 1: 0x00001B68-0x00001B6C CFA rule: register 31 + offset 0 CFA = SP + 0 (AArch64)
       Row 2: 0x00001B6C-0x00001B70 CFA rule: register 31 + offset 112 CFA = SP + 112 (AArch64)
       Row 3: 0x00001B70-0x00001C80 CFA rule: register 29 + offset 112 CFA = FP + 112 (frame pointer based)
'foo':  Frame base offset Some(0) CFI CFA offset for Some(112)  Final CFA offset Some(112)  Found function: foo at 0x00001b68-0x00001cd0
       Row 1: 0x000019A0-0x000019A4 CFA rule: register 31 + offset 0 CFA = SP + 0 (AArch64)
       Row 2: 0x000019A4-0x000019A8 CFA rule: register 31 + offset 112 CFA = SP + 112 (AArch64)
       Row 3: 0x000019A8-0x00001A60 CFA rule: register 29 + offset 112 CFA = FP + 112 (frame pointer based)
'task':  Frame base offset Some(0) CFI CFA offset for Some(112)  Final CFA offset Some(112)  Found function: task at 0x000019a0-0x00001b68
       Row 1: 0x00001994-0x000019A0 CFA rule: register 31 + offset 0 CFA = SP + 0 (AArch64)
'sig_handler':  Frame base offset Some(0) CFI CFA offset for Some(0)  Final CFA offset Some(0)  Found function: sig_handler at 0x00001994-0x000019a0
[INFO ] CFA parser: Found 4 functions with XCP events:
Compilation Unit 0: 4 functions
  main (0x00001cd0-0x00001f50) [CFA+128]
  foo (0x00001b68-0x00001cd0) [CFA+112]
  task (0x000019a0-0x00001b68) [CFA+112]
  sig_handler (0x00001994-0x000019a0) [CFA+0]
[INFO ] CFA data found in unit <= 0: 4 functions
[INFO ] Creating debug data reader
[INFO ] Reading debug info entries
[INFO ] 'gXcpBaseAddr':
[ERROR] get_variable: Variable gXcpBaseAddr has no address
[INFO ] 'global_running':
[INFO ] evaluate_exprloc: Evaluation result: Piece { size_in_bits: None, bit_offset: None, location: Address { address: 197120 } }
[INFO ] evaluate_exprloc: Location is an address 0:0x00030200
[INFO ] '__a2l_min_delay_us':
[INFO ] evaluate_exprloc: Evaluation result: Piece { size_in_bits: None, bit_offset: None, location: Address { address: 60040 } }
[INFO ] evaluate_exprloc: Location is an address 0:0x0000EA88
[INFO ] '__a2l_max_delay_us':
[INFO ] evaluate_exprloc: Evaluation result: Piece { size_in_bits: None, bit_offset: None, location: Address { address: 60032 } }
[INFO ] evaluate_exprloc: Location is an address 0:0x0000EA80
[INFO ] '__a2l_unit_delay_us':
[INFO ] evaluate_exprloc: Evaluation result: Piece { size_in_bits: None, bit_offset: None, location: Address { address: 197216 } }
[INFO ] evaluate_exprloc: Location is an address 0:0x00030260
[INFO ] 'params':
[INFO ] evaluate_exprloc: Evaluation result: Piece { size_in_bits: None, bit_offset: None, location: Address { address: 47616 } }
[INFO ] evaluate_exprloc: Location is an address 0:0x0000BA00
[INFO ] 'global_counter':
[INFO ] evaluate_exprloc: Evaluation result: Piece { size_in_bits: None, bit_offset: None, location: Address { address: 197226 } }
[INFO ] evaluate_exprloc: Location is an address 0:0x0003026A
[INFO ] 'global_test_uint8':
[INFO ] evaluate_exprloc: Evaluation result: Piece { size_in_bits: None, bit_offset: None, location: Address { address: 197198 } }
[INFO ] evaluate_exprloc: Location is an address 0:0x0003024E
[INFO ] 'global_test_uint16':
[INFO ] evaluate_exprloc: Evaluation result: Piece { size_in_bits: None, bit_offset: None, location: Address { address: 197196 } }
[INFO ] evaluate_exprloc: Location is an address 0:0x0003024C
[INFO ] 'global_test_uint32':
[INFO ] evaluate_exprloc: Evaluation result: Piece { size_in_bits: None, bit_offset: None, location: Address { address: 197192 } }
[INFO ] evaluate_exprloc: Location is an address 0:0x00030248
[INFO ] 'global_test_uint64':
[INFO ] evaluate_exprloc: Evaluation result: Piece { size_in_bits: None, bit_offset: None, location: Address { address: 197184 } }
[INFO ] evaluate_exprloc: Location is an address 0:0x00030240
[INFO ] 'global_test_int8':
[INFO ] evaluate_exprloc: Evaluation result: Piece { size_in_bits: None, bit_offset: None, location: Address { address: 197182 } }
[INFO ] evaluate_exprloc: Location is an address 0:0x0003023E
[INFO ] 'global_test_int16':
[INFO ] evaluate_exprloc: Evaluation result: Piece { size_in_bits: None, bit_offset: None, location: Address { address: 197180 } }
[INFO ] evaluate_exprloc: Location is an address 0:0x0003023C
[INFO ] 'global_test_int32':
[INFO ] evaluate_exprloc: Evaluation result: Piece { size_in_bits: None, bit_offset: None, location: Address { address: 197176 } }
[INFO ] evaluate_exprloc: Location is an address 0:0x00030238
[INFO ] 'global_test_int64':
[INFO ] evaluate_exprloc: Evaluation result: Piece { size_in_bits: None, bit_offset: None, location: Address { address: 197168 } }
[INFO ] evaluate_exprloc: Location is an address 0:0x00030230
[INFO ] 'global_test_float':
[INFO ] evaluate_exprloc: Evaluation result: Piece { size_in_bits: None, bit_offset: None, location: Address { address: 197160 } }
[INFO ] evaluate_exprloc: Location is an address 0:0x00030228
[INFO ] 'global_test_double':
[INFO ] evaluate_exprloc: Evaluation result: Piece { size_in_bits: None, bit_offset: None, location: Address { address: 197152 } }
[INFO ] evaluate_exprloc: Location is an address 0:0x00030220
[INFO ] 'global_test_bool':
[INFO ] evaluate_exprloc: Evaluation result: Piece { size_in_bits: None, bit_offset: None, location: Address { address: 197147 } }
[INFO ] evaluate_exprloc: Location is an address 0:0x0003021B
[INFO ] 'global_test_array':
[INFO ] evaluate_exprloc: Evaluation result: Piece { size_in_bits: None, bit_offset: None, location: Address { address: 197144 } }
[INFO ] evaluate_exprloc: Location is an address 0:0x00030218
[INFO ] 'global_test_struct':
[INFO ] evaluate_exprloc: Evaluation result: Piece { size_in_bits: None, bit_offset: None, location: Address { address: 197128 } }
[INFO ] evaluate_exprloc: Location is an address 0:0x00030208
[INFO ] '__addr':
[INFO ] evaluate_exprloc: Evaluation result: Piece { size_in_bits: None, bit_offset: None, location: Address { address: 2147483640 } }
[INFO ] evaluate_exprloc: Location is an address 2:0x7FFFFFF8
[INFO ] 'cal__params':
[INFO ] evaluate_exprloc: Evaluation result: Piece { size_in_bits: None, bit_offset: None, location: Address { address: 197122 } }
[INFO ] evaluate_exprloc: Location is an address 0:0x00030202
[INFO ] '__cal__params':
[INFO ] evaluate_exprloc: Evaluation result: Piece { size_in_bits: None, bit_offset: None, location: Address { address: 197124 } }
[INFO ] evaluate_exprloc: Location is an address 0:0x00030204
[INFO ] '__t1':
[INFO ] evaluate_exprloc: Evaluation result: Piece { size_in_bits: None, bit_offset: None, location: Address { address: 2147483632 } }
[INFO ] evaluate_exprloc: Location is an address 2:0x7FFFFFF0
[INFO ] 'counter':
[INFO ] evaluate_exprloc: Evaluation result: Piece { size_in_bits: None, bit_offset: None, location: Address { address: 2147483628 } }
[INFO ] evaluate_exprloc: Location is an address 2:0x7FFFFFEC
[INFO ] 'static_counter':
[INFO ] evaluate_exprloc: Evaluation result: Piece { size_in_bits: None, bit_offset: None, location: Address { address: 197232 } }
[INFO ] evaluate_exprloc: Location is an address 0:0x00030270
[INFO ] 'delay_us':
LocationList: offset=LocationListsOffset(16), entries:
  1: PC range 0x00001e64..0x00001e9c
	Location: Piece { size_in_bits: None, bit_offset: None, location: Register { register: Register(23) } }
[INFO ] evaluate_exprloc: Evaluation result: Piece { size_in_bits: None, bit_offset: None, location: Register { register: Register(23) } }
[INFO ] evaluate_exprloc: Location is a register Register(23)
    Evaluated Address: addr_ext=128, address=0x0
  2: PC range 0x00001ea8..0x00001f24
	Location: Piece { size_in_bits: None, bit_offset: None, location: Register { register: Register(23) } }
[INFO ] evaluate_exprloc: Evaluation result: Piece { size_in_bits: None, bit_offset: None, location: Register { register: Register(23) } }
[INFO ] evaluate_exprloc: Location is a register Register(23)
    Evaluated Address: addr_ext=128, address=0x0
[ERROR] get_variable: Variable delay_us is a register, tls or has unknown location
[INFO ] 'evt__mainloop':
[ERROR] get_variable: Variable evt__mainloop has no address
[INFO ] 'p':
LocationList: offset=LocationListsOffset(33), entries:
  1: PC range 0x00001ea4..0x00001ebc
	Location: Piece { size_in_bits: None, bit_offset: None, location: Register { register: Register(0) } }
[INFO ] evaluate_exprloc: Evaluation result: Piece { size_in_bits: None, bit_offset: None, location: Register { register: Register(0) } }
[INFO ] evaluate_exprloc: Location is a register Register(0)
    Evaluated Address: addr_ext=128, address=0x0
[ERROR] get_variable: Variable p is a register, tls or has unknown location
[INFO ] 'trg__AAS__mainloop':
[ERROR] get_variable: Variable trg__AAS__mainloop has no address
[INFO ] '__base':
[INFO ] evaluate_exprloc: Evaluation result: Piece { size_in_bits: None, bit_offset: None, location: Address { address: 2147483592 } }
[INFO ] evaluate_exprloc: Location is an address 2:0x7FFFFFC8
[INFO ] 'static_counter':
[INFO ] evaluate_exprloc: Evaluation result: Piece { size_in_bits: None, bit_offset: None, location: Address { address: 197230 } }
[INFO ] evaluate_exprloc: Location is an address 0:0x0003026E
[INFO ] 'counter':
[INFO ] evaluate_exprloc: Evaluation result: Piece { size_in_bits: None, bit_offset: None, location: Address { address: 2147483644 } }
[INFO ] evaluate_exprloc: Location is an address 2:0x7FFFFFFC
[INFO ] 'test_float':
[INFO ] evaluate_exprloc: Evaluation result: Piece { size_in_bits: None, bit_offset: None, location: Address { address: 2147483640 } }
[INFO ] evaluate_exprloc: Location is an address 2:0x7FFFFFF8
[INFO ] 'test_double':
[INFO ] evaluate_exprloc: Evaluation result: Piece { size_in_bits: None, bit_offset: None, location: Address { address: 2147483632 } }
[INFO ] evaluate_exprloc: Location is an address 2:0x7FFFFFF0
[INFO ] 'test_uint8':
[INFO ] evaluate_exprloc: Evaluation result: Piece { size_in_bits: None, bit_offset: None, location: Address { address: 2147483631 } }
[INFO ] evaluate_exprloc: Location is an address 2:0x7FFFFFEF
[INFO ] 'test_uint16':
[INFO ] evaluate_exprloc: Evaluation result: Piece { size_in_bits: None, bit_offset: None, location: Address { address: 2147483628 } }
[INFO ] evaluate_exprloc: Location is an address 2:0x7FFFFFEC
[INFO ] 'test_uint32':
[INFO ] evaluate_exprloc: Evaluation result: Piece { size_in_bits: None, bit_offset: None, location: Address { address: 2147483624 } }
[INFO ] evaluate_exprloc: Location is an address 2:0x7FFFFFE8
[INFO ] 'test_uint64':
[INFO ] evaluate_exprloc: Evaluation result: Piece { size_in_bits: None, bit_offset: None, location: Address { address: 2147483616 } }
[INFO ] evaluate_exprloc: Location is an address 2:0x7FFFFFE0
[INFO ] 'test_int8':
[INFO ] evaluate_exprloc: Evaluation result: Piece { size_in_bits: None, bit_offset: None, location: Address { address: 2147483615 } }
[INFO ] evaluate_exprloc: Location is an address 2:0x7FFFFFDF
[INFO ] 'test_int16':
[INFO ] evaluate_exprloc: Evaluation result: Piece { size_in_bits: None, bit_offset: None, location: Address { address: 2147483612 } }
[INFO ] evaluate_exprloc: Location is an address 2:0x7FFFFFDC
[INFO ] 'test_int32':
[INFO ] evaluate_exprloc: Evaluation result: Piece { size_in_bits: None, bit_offset: None, location: Address { address: 2147483608 } }
[INFO ] evaluate_exprloc: Location is an address 2:0x7FFFFFD8
[INFO ] 'test_int64':
[INFO ] evaluate_exprloc: Evaluation result: Piece { size_in_bits: None, bit_offset: None, location: Address { address: 2147483600 } }
[INFO ] evaluate_exprloc: Location is an address 2:0x7FFFFFD0
[INFO ] 'test_struct':
[INFO ] evaluate_exprloc: Evaluation result: Piece { size_in_bits: None, bit_offset: None, location: Address { address: 2147483584 } }
[INFO ] evaluate_exprloc: Location is an address 2:0x7FFFFFC0
[INFO ] 'evt__foo':
[ERROR] get_variable: Variable evt__foo has no address
[INFO ] 'trg__AAS__foo':
[ERROR] get_variable: Variable trg__AAS__foo has no address
[INFO ] '__base':
[INFO ] evaluate_exprloc: Evaluation result: Piece { size_in_bits: None, bit_offset: None, location: Address { address: 2147483552 } }
[INFO ] evaluate_exprloc: Location is an address 2:0x7FFFFFA0
[INFO ] 'thread_local_counter':
[ERROR] get_variable: Variable thread_local_counter has no address
[INFO ] 'static_counter':
[INFO ] evaluate_exprloc: Evaluation result: Piece { size_in_bits: None, bit_offset: None, location: Address { address: 197228 } }
[INFO ] evaluate_exprloc: Location is an address 0:0x0003026C
[INFO ] 'counter':
[INFO ] evaluate_exprloc: Evaluation result: Piece { size_in_bits: None, bit_offset: None, location: Address { address: 2147483644 } }
[INFO ] evaluate_exprloc: Location is an address 2:0x7FFFFFFC
[INFO ] '__a2l_unit_counter':
[INFO ] evaluate_exprloc: Evaluation result: Piece { size_in_bits: None, bit_offset: None, location: Address { address: 197208 } }
[INFO ] evaluate_exprloc: Location is an address 0:0x00030258
[INFO ] 'heap_struct':
[INFO ] evaluate_exprloc: Evaluation result: Piece { size_in_bits: None, bit_offset: None, location: Address { address: 2147483632 } }
[INFO ] evaluate_exprloc: Location is an address 2:0x7FFFFFF0
[INFO ] 'evt__task':
[ERROR] get_variable: Variable evt__task has no address
[INFO ] 'trg__AASD__task':
[ERROR] get_variable: Variable trg__AASD__task has no address
[INFO ] '__base':
[INFO ] evaluate_exprloc: Evaluation result: Piece { size_in_bits: None, bit_offset: None, location: Address { address: 2147483600 } }
[INFO ] evaluate_exprloc: Location is an address 2:0x7FFFFFD0
[INFO ] 'tls_base':
LocationList: offset=LocationListsOffset(62), entries:
  1: PC range 0x000019c0..0x000019c0
	Location: Piece { size_in_bits: None, bit_offset: None, location: Register { register: Register(1) } }
[INFO ] evaluate_exprloc: Evaluation result: Piece { size_in_bits: None, bit_offset: None, location: Register { register: Register(1) } }
[INFO ] evaluate_exprloc: Location is a register Register(1)
    Evaluated Address: addr_ext=128, address=0x0
[ERROR] get_variable: Variable tls_base is a register, tls or has unknown location
[INFO ] 'tls_base':
[ERROR] get_variable: Variable tls_base has no address

====================================================================================================

====================================================================================================
debug_data information summary:
  Compilation units: 1 units
  Sections: 28 sections
  Type names: 35 named types
  Types: 61 total types
  Demangled names: 0 entries
  Variables 57 with 50 unique names

====================================================================================================
Compilation Units in debug_data.unit_names:
  Unit 0: main_c


====================================================================================================
Memory Sections in debug_data.sections:
  '.interp': 0x00000270, 624 bytes (651)
  '.note.gnu.build-id': 0x0000028c, 28 bytes (688)
  '.note.ABI-tag': 0x000002b0, 36 bytes (720)
  '.gnu.hash': 0x000002d0, 32 bytes (748)
  '.dynsym': 0x000002f0, 32 bytes (2384)
  '.dynstr': 0x00000950, 1632 bytes (3110)
  '.gnu.version': 0x00000c26, 726 bytes (3246)
  '.gnu.version_r': 0x00000cb0, 138 bytes (3296)
  '.rela.dyn': 0x00000ce0, 48 bytes (3656)
  '.rela.plt': 0x00000e48, 360 bytes (5144)
  '.init': 0x00001418, 1488 bytes (5168)
  '.plt': 0x00001430, 24 bytes (6192)
  '.text': 0x00001840, 1040 bytes (47328)
  '.fini': 0x0000b8e0, 41120 bytes (47348)
  '.rodata': 0x0000b8f8, 24 bytes (60029)
  '.xcp.meta': 0x0000ea80, 12680 bytes (60048)
  '.eh_frame_hdr': 0x0000ea90, 16 bytes (61428)
  '.eh_frame': 0x0000eff8, 1384 bytes (68188)
  '.tdata': 0x0002fd94, 134556 bytes (196000)
  '.init_array': 0x0002fda0, 12 bytes (196016)
  '.tbss': 0x0002fda0, 0 bytes (196002)
  '.fini_array': 0x0002fdb0, 16 bytes (196024)
  '.dynamic': 0x0002fdb8, 8 bytes (196504)
  '.got': 0x0002ff98, 480 bytes (196584)
  '.got.plt': 0x0002ffe8, 80 bytes (197104)
  '.data': 0x000301f0, 520 bytes (197202)
  '.xcp.strings': 0x00030258, 104 bytes (197224)
  '.bss': 0x00030268, 16 bytes (199840)

====================================================================================================
Type names in debug_data.typenames)
Type name 'unsigned char': 1 references
  -> type_ref=46, size=1 bytes, unit=0
Type name '__int8_t': 1 references
  -> type_ref=94, size=1 bytes, unit=0
Type name 'long int': 1 references
  -> type_ref=214, size=8 bytes, unit=0
Type name '__uint8_t': 1 references
  -> type_ref=118, size=1 bytes, unit=0
Type name 'short unsigned int': 1 references
  -> type_ref=58, size=2 bytes, unit=0
Type name 'uint8_t': 1 references
  -> type_ref=353, size=1 bytes, unit=0
Type name '_Bool': 1 references
  -> type_ref=566, size=1 bytes, unit=0
Type name 'int64_t': 1 references
  -> type_ref=341, size=8 bytes, unit=0
Type name 'params': 1 references
  -> type_ref=825, size=56 bytes, unit=0
Type name 'uint64_t': 1 references
  -> type_ref=409, size=8 bytes, unit=0
Type name 'int32_t': 1 references
  -> type_ref=324, size=4 bytes, unit=0
Type name 'signed char': 1 references
  -> type_ref=106, size=1 bytes, unit=0
Type name 'unsigned int': 1 references
  -> type_ref=70, size=4 bytes, unit=0
Type name '__int16_t': 1 references
  -> type_ref=130, size=2 bytes, unit=0
Type name 'char': 1 references
  -> type_ref=245, size=1 bytes, unit=0
Type name 'test_struct': 1 references
  -> type_ref=1324, size=12 bytes, unit=0
Type name '__uint32_t': 1 references
  -> type_ref=190, size=4 bytes, unit=0
Type name '__int32_t': 1 references
  -> type_ref=166, size=4 bytes, unit=0
Type name 'int8_t': 1 references
  -> type_ref=290, size=1 bytes, unit=0
Type name '__uint16_t': 1 references
  -> type_ref=154, size=2 bytes, unit=0
Type name 'long unsigned int': 1 references
  -> type_ref=82, size=8 bytes, unit=0
Type name '__uint64_t': 1 references
  -> type_ref=226, size=8 bytes, unit=0
Type name '__int64_t': 1 references
  -> type_ref=202, size=8 bytes, unit=0
Type name 'int': 1 references
  -> type_ref=178, size=4 bytes, unit=0
Type name 'short int': 1 references
  -> type_ref=142, size=2 bytes, unit=0
Type name 'float': 1 references
  -> type_ref=797, size=4 bytes, unit=0
Type name 'test_par_struct': 1 references
  -> type_ref=732, size=12 bytes, unit=0
Type name 'tXcpCalSegIndex': 1 references
  -> type_ref=630, size=2 bytes, unit=0
Type name 'pthread_t': 1 references
  -> type_ref=485, size=8 bytes, unit=0
Type name 'tXcpEventId': 1 references
  -> type_ref=642, size=2 bytes, unit=0
Type name 'uint16_t': 1 references
  -> type_ref=375, size=2 bytes, unit=0
Type name 'double': 1 references
  -> type_ref=950, size=8 bytes, unit=0
Type name 'int16_t': 1 references
  -> type_ref=307, size=2 bytes, unit=0
Type name 'uint32_t': 1 references
  -> type_ref=392, size=4 bytes, unit=0
Type name 'THREAD': 1 references
  -> type_ref=611, size=8 bytes, unit=0

====================================================================================================
Types in debug_data.types:
TypeRef 2833: name = 'uint8_t', size = 32 bytes, unit = 0, type=Array([4] x Pointer(...))
TypeRef 252: name = 'char', size = 1 bytes, unit = 0, type=Uint8
TypeRef 578: name = '_Bool', size = 1 bytes, unit = 0, type=Uint8
TypeRef 392: name = 'uint32_t', size = 4 bytes, unit = 0, type=Uint32
TypeRef 245: name = 'char', size = 1 bytes, unit = 0, type=Uint8
TypeRef 353: name = 'uint8_t', size = 1 bytes, unit = 0, type=Uint8
TypeRef 693: name = '', size = 4 bytes, unit = 0, type=Enum <anonymous>(4 enumerators)
TypeRef 365: name = 'uint8_t', size = 1 bytes, unit = 0, type=Uint8
TypeRef 178: name = 'int', size = 4 bytes, unit = 0, type=Sint32
TypeRef 58: name = 'short unsigned int', size = 2 bytes, unit = 0, type=Uint16
TypeRef 202: name = '__int64_t', size = 8 bytes, unit = 0, type=Sint64
TypeRef 929: name = 'params', size = 56 bytes, unit = 0, type=Struct params(7 members)
TypeRef 82: name = 'long unsigned int', size = 8 bytes, unit = 0, type=Uint64
TypeRef 642: name = 'tXcpEventId', size = 2 bytes, unit = 0, type=Uint16
TypeRef 70: name = 'unsigned int', size = 4 bytes, unit = 0, type=Uint32
TypeRef 336: name = 'int32_t', size = 4 bytes, unit = 0, type=Sint32
TypeRef 226: name = '__uint64_t', size = 8 bytes, unit = 0, type=Uint64
TypeRef 1377: name = 'test_struct', size = 12 bytes, unit = 0, type=Struct test_struct(4 members)
TypeRef 370: name = 'uint8_t', size = 1 bytes, unit = 0, type=Uint8
TypeRef 468: name = 'char', size = 8 bytes, unit = 0, type=Pointer(...)
TypeRef 732: name = 'test_par_struct', size = 12 bytes, unit = 0, type=Struct test_par_struct(4 members)
TypeRef 166: name = '__int32_t', size = 4 bytes, unit = 0, type=Sint32
TypeRef 341: name = 'int64_t', size = 8 bytes, unit = 0, type=Sint64
TypeRef 2812: name = 'uint8_t', size = 4 bytes, unit = 0, type=Array([4] x Uint8)
TypeRef 804: name = 'float', size = 4 bytes, unit = 0, type=Float
TypeRef 667: name = 'uint8_t', size = 8 bytes, unit = 0, type=Pointer(...)
TypeRef 46: name = 'unsigned char', size = 1 bytes, unit = 0, type=Uint8
TypeRef 409: name = 'uint64_t', size = 8 bytes, unit = 0, type=Uint64
TypeRef 302: name = 'int8_t', size = 1 bytes, unit = 0, type=Sint8
TypeRef 485: name = 'pthread_t', size = 8 bytes, unit = 0, type=Uint64
TypeRef 809: name = 'uint8_t', size = 3 bytes, unit = 0, type=Array([3] x Uint8)
TypeRef 106: name = 'signed char', size = 1 bytes, unit = 0, type=Sint8
TypeRef 154: name = '__uint16_t', size = 2 bytes, unit = 0, type=Uint16
TypeRef 375: name = 'uint16_t', size = 2 bytes, unit = 0, type=Uint16
TypeRef 214: name = 'long int', size = 8 bytes, unit = 0, type=Sint64
TypeRef 290: name = 'int8_t', size = 1 bytes, unit = 0, type=Sint8
TypeRef 319: name = 'int16_t', size = 2 bytes, unit = 0, type=Sint16
TypeRef 3745: name = 'test_struct', size = 8 bytes, unit = 0, type=Pointer(...)
TypeRef 1324: name = 'test_struct', size = 12 bytes, unit = 0, type=Struct test_struct(4 members)
TypeRef 190: name = '__uint32_t', size = 4 bytes, unit = 0, type=Uint32
TypeRef 130: name = '__int16_t', size = 2 bytes, unit = 0, type=Sint16
TypeRef 421: name = 'uint64_t', size = 8 bytes, unit = 0, type=Uint64
TypeRef 238: name = 'void', size = 8 bytes, unit = 0, type=Pointer(...)
TypeRef 307: name = 'int16_t', size = 2 bytes, unit = 0, type=Sint16
TypeRef 934: name = 'uint8_t', size = 10 bytes, unit = 0, type=Array([10] x Uint8)
TypeRef 94: name = '__int8_t', size = 1 bytes, unit = 0, type=Sint8
TypeRef 3740: name = 'test_struct', size = 8 bytes, unit = 0, type=Pointer(...)
TypeRef 957: name = 'double', size = 8 bytes, unit = 0, type=Double
TypeRef 566: name = '_Bool', size = 1 bytes, unit = 0, type=Uint8
TypeRef 142: name = 'short int', size = 2 bytes, unit = 0, type=Sint16
TypeRef 611: name = 'THREAD', size = 8 bytes, unit = 0, type=Uint64
TypeRef 387: name = 'uint16_t', size = 2 bytes, unit = 0, type=Uint16
TypeRef 825: name = 'params', size = 56 bytes, unit = 0, type=Struct params(7 members)
TypeRef 950: name = 'double', size = 8 bytes, unit = 0, type=Double
TypeRef 324: name = 'int32_t', size = 4 bytes, unit = 0, type=Sint32
TypeRef 630: name = 'tXcpCalSegIndex', size = 2 bytes, unit = 0, type=Uint16
TypeRef 2828: name = 'params', size = 8 bytes, unit = 0, type=Pointer(...)
TypeRef 797: name = 'float', size = 4 bytes, unit = 0, type=Float
TypeRef 404: name = 'uint32_t', size = 4 bytes, unit = 0, type=Uint32
TypeRef 962: name = 'double', size = 8 bytes, unit = 0, type=Double
TypeRef 118: name = '__uint8_t', size = 1 bytes, unit = 0, type=Uint8

====================================================================================================

Demangled Names

====================================================================================================
A2L Creator variables in compilation unit 0..0:
'cal__params':  main_c:'main' : addr=0:0x00030202
'evt__mainloop':  main_c:'main' : addr=0:0x00000000
'trg__AAS__mainloop':  main_c:'main' : addr=0:0x00000000
'evt__foo':  main_c:'foo' : addr=0:0x00000000
'trg__AAS__foo':  main_c:'foo' : addr=0:0x00000000
'evt__task':  main_c:'task' : addr=0:0x00000000
'trg__AASD__task':  main_c:'task' : addr=0:0x00000000

====================================================================================================
System variables  in compilation unit 0..0:
__a2l_min_delay_us: 
__a2l_max_delay_us: 
__a2l_unit_delay_us: 
__addr: 
__cal__params: 
__t1: 
__base: 
__a2l_unit_counter: 

====================================================================================================
Variables in compilation unit 0..0:
global_running 1: 
__a2l_min_delay_us 1: 
__a2l_max_delay_us 1: 
__a2l_unit_delay_us 1: 
params 1: 
global_counter 1: 
global_test_uint8 1: 
global_test_uint16 1: 
global_test_uint32 1: 
global_test_uint64 1: 
global_test_int8 1: 
global_test_int16 1: 
global_test_int32 1: 
global_test_int64 1: 
global_test_float 1: 
global_test_double 1: 
global_test_bool 1: 
global_test_array 1: 
global_test_struct 1: 
__addr 1: 
cal__params 1: 
__cal__params 1: 
__t1 1: 
counter 3: 
static_counter 3: 
delay_us 1: 
evt__mainloop 1: 
p 1: 
trg__AAS__mainloop 1: 
__base 3: 
test_float 1: 
test_double 1: 
test_uint8 1: 
test_uint16 1: 
test_uint32 1: 
test_uint64 1: 
test_int8 1: 
test_int16 1: 
test_int32 1: 
test_int64 1: 
test_struct 1: 
evt__foo 1: 
trg__AAS__foo 1: 
thread_local_counter 1: 
__a2l_unit_counter 1: 
heap_struct 1: 
evt__task 1: 
trg__AASD__task 1: 
tls_base 2: 

[INFO ] Registering segment and event information
[INFO ] Calibration segment definition marker variable 'cal__params' for segment 'params' found in main_c:'main'
[INFO ]   Segment 'params' default page variable '()' found in debug data:
[INFO ]     Address = 0:0xba00
[INFO ]   Segment 'params' type information found, type=params, length = 56
[INFO ] Struct params(7 members)
[INFO ]     Length = 0x38
[INFO ] Not yet defined segment 'params':  Created with number=0, addr = 0xba00, length = 0x38
[INFO ] Event definition for event 'mainloop' found in main_c:main
[ERROR] Unknown event 'mainloop': Created with event id = 0
[INFO ] Event definition for event 'foo' found in main_c:foo
[ERROR] Unknown event 'foo': Created with event id = 1
[INFO ] Event definition for event 'task' found in main_c:task
[ERROR] Unknown event 'task': Created with event id = 2
[INFO ] Registering event locations
[INFO ] Event mainloop trigger found in main_c:main, address resolver mode AAS
[INFO ]   Event 'mainloop' trigger in function 'main', cfa = 128
[INFO ] Event foo trigger found in main_c:foo, address resolver mode AAS
[INFO ]   Event 'foo' trigger in function 'foo', cfa = 112
[INFO ] Event task trigger found in main_c:task, address resolver mode AASD
[INFO ]   Event 'task' trigger in function 'task', cfa = 112
[INFO ] Registering variables
[INFO ] Add measurement instance for global_running: addr = 0:0x00030200
[INFO ] Uint8
[INFO ]   Registered variable 'global_running' with type '_Bool', size = 1, event id = 0
[INFO ] Add characteristic instance for params: addr = 0:0x0000ba00
[INFO ] Struct params(7 members)
[INFO ]   Registered variable 'params' with type 'params', size = 56, event id = 0
[INFO ] Add measurement instance for global_counter: addr = 0:0x0003026a
[INFO ] Uint16
[INFO ]   Registered variable 'global_counter' with type 'uint16_t', size = 2, event id = 0
[INFO ] Add measurement instance for global_test_uint8: addr = 0:0x0003024e
[INFO ] Uint8
[INFO ]   Registered variable 'global_test_uint8' with type 'uint8_t', size = 1, event id = 0
[INFO ] Add measurement instance for global_test_uint16: addr = 0:0x0003024c
[INFO ] Uint16
[INFO ]   Registered variable 'global_test_uint16' with type 'uint16_t', size = 2, event id = 0
[INFO ] Add measurement instance for global_test_uint32: addr = 0:0x00030248
[INFO ] Uint32
[INFO ]   Registered variable 'global_test_uint32' with type 'uint32_t', size = 4, event id = 0
[INFO ] Add measurement instance for global_test_uint64: addr = 0:0x00030240
[INFO ] Uint64
[INFO ]   Registered variable 'global_test_uint64' with type 'uint64_t', size = 8, event id = 0
[INFO ] Add measurement instance for global_test_int8: addr = 0:0x0003023e
[INFO ] Sint8
[INFO ]   Registered variable 'global_test_int8' with type 'int8_t', size = 1, event id = 0
[INFO ] Add measurement instance for global_test_int16: addr = 0:0x0003023c
[INFO ] Sint16
[INFO ]   Registered variable 'global_test_int16' with type 'int16_t', size = 2, event id = 0
[INFO ] Add measurement instance for global_test_int32: addr = 0:0x00030238
[INFO ] Sint32
[INFO ]   Registered variable 'global_test_int32' with type 'int32_t', size = 4, event id = 0
[INFO ] Add measurement instance for global_test_int64: addr = 0:0x00030230
[INFO ] Sint64
[INFO ]   Registered variable 'global_test_int64' with type 'int64_t', size = 8, event id = 0
[INFO ] Add measurement instance for global_test_float: addr = 0:0x00030228
[INFO ] Float
[INFO ]   Registered variable 'global_test_float' with type 'float', size = 4, event id = 0
[INFO ] Add measurement instance for global_test_double: addr = 0:0x00030220
[INFO ] Double
[INFO ]   Registered variable 'global_test_double' with type 'double', size = 8, event id = 0
[INFO ] Add measurement instance for global_test_bool: addr = 0:0x0003021b
[INFO ] Uint8
[INFO ]   Registered variable 'global_test_bool' with type '_Bool', size = 1, event id = 0
[INFO ] Add measurement instance for global_test_array: addr = 0:0x00030218
[INFO ] Array([3] x Uint8)
[INFO ]   Registered variable 'global_test_array' with type 'uint8_t', size = 3, event id = 0
[INFO ] Add measurement instance for global_test_struct: addr = 0:0x00030208
[INFO ] Struct test_struct(4 members)
[INFO ]   Registered variable 'global_test_struct' with type 'test_struct', size = 12, event id = 0
[INFO ] Add measurement instance for main.counter: addr = 2:0x0000006c
[INFO ] Uint32
[INFO ]   Registered variable 'main.counter' with type 'uint32_t', size = 4, event id = 0
[INFO ] Add measurement instance for foo.counter: addr = 2:0x0001006c
[INFO ] Uint32
[INFO ]   Registered variable 'foo.counter' with type 'uint32_t', size = 4, event id = 1
[INFO ] Add measurement instance for task.counter: addr = 2:0x0002006c
[INFO ] Uint32
[INFO ]   Registered variable 'task.counter' with type 'uint32_t', size = 4, event id = 2
[INFO ] Variable 'static_counter' is local to function 'main', using event id = 0
[INFO ] Add measurement instance for main.static_counter: addr = 0:0x00030270
[INFO ] Uint16
[INFO ]   Registered variable 'main.static_counter' with type 'uint16_t', size = 2, event id = 0
[INFO ] Variable 'static_counter' is local to function 'foo', using event id = 1
[INFO ] Add measurement instance for foo.static_counter: addr = 0:0x0003026e
[INFO ] Uint16
[INFO ]   Registered variable 'foo.static_counter' with type 'uint16_t', size = 2, event id = 1
[INFO ] Variable 'static_counter' is local to function 'task', using event id = 2
[INFO ] Add measurement instance for task.static_counter: addr = 0:0x0003026c
[INFO ] Uint16
[INFO ]   Registered variable 'task.static_counter' with type 'uint16_t', size = 2, event id = 2
[ERROR] Variable 'delay_us' skipped, has unsupported address extension 0x80
[ERROR] Variable 'p' skipped, has unsupported address extension 0x80
[INFO ] Add measurement instance for foo.test_float: addr = 2:0x00010068
[INFO ] Float
[INFO ]   Registered variable 'foo.test_float' with type 'float', size = 4, event id = 1
[INFO ] Add measurement instance for foo.test_double: addr = 2:0x00010060
[INFO ] Double
[INFO ]   Registered variable 'foo.test_double' with type 'double', size = 8, event id = 1
[INFO ] Add measurement instance for foo.test_uint8: addr = 2:0x0001005f
[INFO ] Uint8
[INFO ]   Registered variable 'foo.test_uint8' with type 'uint8_t', size = 1, event id = 1
[INFO ] Add measurement instance for foo.test_uint16: addr = 2:0x0001005c
[INFO ] Uint16
[INFO ]   Registered variable 'foo.test_uint16' with type 'uint16_t', size = 2, event id = 1
[INFO ] Add measurement instance for foo.test_uint32: addr = 2:0x00010058
[INFO ] Uint32
[INFO ]   Registered variable 'foo.test_uint32' with type 'uint32_t', size = 4, event id = 1
[INFO ] Add measurement instance for foo.test_uint64: addr = 2:0x00010050
[INFO ] Uint64
[INFO ]   Registered variable 'foo.test_uint64' with type 'uint64_t', size = 8, event id = 1
[INFO ] Add measurement instance for foo.test_int8: addr = 2:0x0001004f
[INFO ] Sint8
[INFO ]   Registered variable 'foo.test_int8' with type 'int8_t', size = 1, event id = 1
[INFO ] Add measurement instance for foo.test_int16: addr = 2:0x0001004c
[INFO ] Sint16
[INFO ]   Registered variable 'foo.test_int16' with type 'int16_t', size = 2, event id = 1
[INFO ] Add measurement instance for foo.test_int32: addr = 2:0x00010048
[INFO ] Sint32
[INFO ]   Registered variable 'foo.test_int32' with type 'int32_t', size = 4, event id = 1
[INFO ] Add measurement instance for foo.test_int64: addr = 2:0x00010040
[INFO ] Uint64
[INFO ]   Registered variable 'foo.test_int64' with type 'uint64_t', size = 8, event id = 1
[INFO ] Add measurement instance for foo.test_struct: addr = 2:0x00010030
[INFO ] Struct test_struct(4 members)
[WARN ] Duplicate typedef name test_struct, equality not checked!
[INFO ]   Registered variable 'foo.test_struct' with type 'test_struct', size = 12, event id = 1
[ERROR] Variable 'thread_local_counter' in function 'task' skipped, no address
[WARN ] Variable 'heap_struct' has unsupported type: Pointer(...)
[ERROR] Variable 'tls_base' skipped, has unsupported address extension 0x80
[ERROR] Variable 'tls_base' in function 'xcp_get_tls_base_addr' skipped, no address
[WARN ] Overwriting existing A2L file: no_a2l_demo.a2l
[INFO ] Write A2L file "no_a2l_demo.a2l"
[INFO ] Check A2L file "no_a2l_demo.a2l"
[WARN ] A2L check: Cross-reference error: SUB_GROUP params on line 242 references a non-existent GROUP params
[WARN ] A2L check: Cross-reference error: GROUP Characteristics on line 242 references a non-existent GROUP params
[WARN ] A2L file check with 2 warnings !!
[INFO ] Created A2L with file: no_a2l_demo.a2l ELF/DWARF information only,  offline mode
