[INFO ] XCP server dest addr: 127.0.0.1:5555
[INFO ] XCP client local bind addr: 0.0.0.0:0
[INFO ] Generate A2L file tmp.a2l with ELF/DWARF information only,  offline mode 
[INFO ] Reading ELF file: no_a2l_demo.out
[INFO ] Loading debug information from ELF file: no_a2l_demo.out
[INFO ] Parsing elf file: no_a2l_demo.out
[INFO ] CFA parser: Parsing ELF file for function CFAs ...
[INFO ] CFA parser: Loading DWARF sections...
  Loading section: .debug_loc
  Loading section: .debug_loclists
  Loading section: .debug_ranges
  Loading section: .debug_rnglists
  Loading section: .debug_abbrev
  Loading section: .debug_addr
  Loading section: .debug_aranges
  Loading section: .debug_info
  Loading section: .debug_line
  Loading section: .debug_line_str
  Loading section: .debug_str
  Loading section: .debug_str_offsets
  Loading section: .debug_types
[INFO ] CFA parser: Extracting function information from DWARF...
       Row 1: 0x00001CC4-0x00001CC8 CFA rule: register 31 + offset 0 CFA = SP + 0 (AArch64)
       Row 2: 0x00001CC8-0x00001CCC CFA rule: register 31 + offset 128 CFA = SP + 128 (AArch64)
       Row 3: 0x00001CCC-0x00001CD0 CFA rule: register 29 + offset 128 CFA = FP + 128 (frame pointer based)
'main':  Frame base offset Some(0) CFI CFA offset for Some(128)  Final CFA offset Some(128)  Found function: main at 0x00001cc4-0x00001f44
       Row 1: 0x00001B54-0x00001B58 CFA rule: register 31 + offset 0 CFA = SP + 0 (AArch64)
       Row 2: 0x00001B58-0x00001B5C CFA rule: register 31 + offset 128 CFA = SP + 128 (AArch64)
       Row 3: 0x00001B5C-0x00001C1C CFA rule: register 29 + offset 128 CFA = FP + 128 (frame pointer based)
'foo':  Frame base offset Some(0) CFI CFA offset for Some(128)  Final CFA offset Some(128)  Found function: foo at 0x00001b54-0x00001cc4
       Row 1: 0x000019A0-0x000019A4 CFA rule: register 31 + offset 0 CFA = SP + 0 (AArch64)
       Row 2: 0x000019A4-0x000019A8 CFA rule: register 31 + offset 128 CFA = SP + 128 (AArch64)
       Row 3: 0x000019A8-0x000019AC CFA rule: register 29 + offset 128 CFA = FP + 128 (frame pointer based)
'task':  Frame base offset Some(0) CFI CFA offset for Some(128)  Final CFA offset Some(128)  Found function: task at 0x000019a0-0x00001b54
       Row 1: 0x00001994-0x000019A0 CFA rule: register 31 + offset 0 CFA = SP + 0 (AArch64)
'sig_handler':  Frame base offset Some(0) CFI CFA offset for Some(0)  Final CFA offset Some(0)  Found function: sig_handler at 0x00001994-0x000019a0
[INFO ] CFA parser: Found 4 functions with XCP events:
Compilation Unit 0: 4 functions
  main (0x00001cc4-0x00001f44) [CFA+128]
  foo (0x00001b54-0x00001cc4) [CFA+128]
  task (0x000019a0-0x00001b54) [CFA+128]
  sig_handler (0x00001994-0x000019a0) [CFA+0]
[INFO ] CFA data found: 4 functions
[INFO ] DWARF compile units: 8

====================================================================================================

====================================================================================================
Debug information summary:
  Compilation units: 8 units
  Sections: 28 sections
  Type names: 90 named types
  Types: 546 total types
  Demangled names: 0 entries
  Variables 585 with 214 unique names

====================================================================================================
Compilation Units:
  Unit 0: main_c
  Unit 1: xcpAppl_c
  Unit 2: xcpLite_c
  Unit 3: xcpEthServer_c
  Unit 4: xcpEthTl_c
  Unit 5: xcpQueue64_c
  Unit 6: persistency_c
  Unit 7: platform_c


====================================================================================================
Memory Sections in debug_data:
  '.interp': 0x00000270, 624 bytes (651)
  '.note.gnu.build-id': 0x0000028c, 28 bytes (688)
  '.note.ABI-tag': 0x000002b0, 36 bytes (720)
  '.gnu.hash': 0x000002d0, 32 bytes (748)
  '.dynsym': 0x000002f0, 32 bytes (2384)
  '.dynstr': 0x00000950, 1632 bytes (3110)
  '.gnu.version': 0x00000c26, 726 bytes (3246)
  '.gnu.version_r': 0x00000cb0, 138 bytes (3296)
  '.rela.dyn': 0x00000ce0, 48 bytes (3632)
  '.rela.plt': 0x00000e30, 336 bytes (5120)
  '.init': 0x00001400, 1488 bytes (5144)
  '.plt': 0x00001420, 32 bytes (6176)
  '.text': 0x00001840, 1056 bytes (43280)
  '.fini': 0x0000a910, 37072 bytes (43300)
  '.rodata': 0x0000a928, 24 bytes (55981)
  '.xcp.meta': 0x0000dab0, 12680 bytes (56000)
  '.eh_frame_hdr': 0x0000dac0, 16 bytes (57380)
  '.eh_frame': 0x0000e028, 1384 bytes (64188)
  '.tdata': 0x0001fd9c, 73076 bytes (130472)
  '.tbss': 0x0001fda8, 12 bytes (130474)
  '.init_array': 0x0001fda8, 0 bytes (130488)
  '.fini_array': 0x0001fdb8, 16 bytes (130496)
  '.dynamic': 0x0001fdc0, 8 bytes (130976)
  '.got': 0x0001ffa0, 480 bytes (131048)
  '.got.plt': 0x0001ffe8, 72 bytes (131568)
  '.data': 0x000201f0, 520 bytes (131666)
  '.xcp.strings': 0x00020258, 104 bytes (131688)
  '.bss': 0x00020268, 16 bytes (134304)

====================================================================================================
A2L Creator variables in compilation unit 0..0:
'cal__params':  main_c:'main' : addr=0:0x00020202
'evt__mainloop':  main_c:'main' : addr=0:0x00000000
'trg__AAS__mainloop':  main_c:'main' : addr=0:0x00000000
'evt__foo':  main_c:'foo' : addr=0:0x00000000
'trg__AAS__foo':  main_c:'foo' : addr=0:0x00000000
'evt__task':  main_c:'task' : addr=0:0x00000000
'trg__AASD__task':  main_c:'task' : addr=0:0x00000000

[INFO ] Registering segment and event information
[INFO ] Calibration segment definition marker variable 'cal__params' for segment 'params' found in main_c:'main'
[INFO ]   Segment 'params' default page variable '()' found in debug data:
[INFO ]     Address = 0:0xaa30
[INFO ]   Segment 'params' type information found, type=params, length = 56
[INFO ]     Length = 0x38
[INFO ] Not yet defined segment 'params':  Created with number=0, addr = 0xaa30, length = 0x38
[INFO ] Event definition for event 'mainloop' found in main_c:main
[ERROR] Unknown event 'mainloop': Created with event id = 0
[INFO ] Event definition for event 'foo' found in main_c:foo
[ERROR] Unknown event 'foo': Created with event id = 1
[INFO ] Event definition for event 'task' found in main_c:task
[ERROR] Unknown event 'task': Created with event id = 2
[INFO ] Registering event locations
[INFO ] Event mainloop trigger found in main_c:main, address resolver mode AAS
[INFO ] Event foo trigger found in main_c:foo, address resolver mode AAS
[INFO ] Event task trigger found in main_c:task, address resolver mode AASD
[INFO ] Registering variables
[INFO ] Add measurement instance for global_running: addr = 0:0x00020200
[INFO ] Add characteristic instance for params: addr = 0:0x0000aa30
[INFO ] Add measurement instance for global_counter: addr = 0:0x0002026a
[INFO ] Add measurement instance for global_test_uint8: addr = 0:0x0002024e
[INFO ] Add measurement instance for global_test_uint16: addr = 0:0x0002024c
[INFO ] Add measurement instance for global_test_uint32: addr = 0:0x00020248
[INFO ] Add measurement instance for global_test_uint64: addr = 0:0x00020240
[INFO ] Add measurement instance for global_test_int8: addr = 0:0x0002023e
[INFO ] Add measurement instance for global_test_int16: addr = 0:0x0002023c
[INFO ] Add measurement instance for global_test_int32: addr = 0:0x00020238
[INFO ] Add measurement instance for global_test_int64: addr = 0:0x00020230
[INFO ] Add measurement instance for global_test_float: addr = 0:0x00020228
[INFO ] Add measurement instance for global_test_double: addr = 0:0x00020220
[INFO ] Add measurement instance for global_test_bool: addr = 0:0x0002021b
[INFO ] Add measurement instance for global_test_array: addr = 0:0x00020218
[INFO ] Add measurement instance for global_test_struct: addr = 0:0x00020208
[INFO ] Add measurement instance for main.counter: addr = 2:0x0000006c
[INFO ] Add measurement instance for foo.counter: addr = 2:0x0001007c
[INFO ] Add measurement instance for task.counter: addr = 2:0x0002007c
[INFO ] Variable 'static_counter' is local to function 'main', using event id = 0
[INFO ] Add measurement instance for main.static_counter: addr = 0:0x00020270
[INFO ] Variable 'static_counter' is local to function 'foo', using event id = 1
[INFO ] Add measurement instance for foo.static_counter: addr = 0:0x0002026e
[INFO ] Variable 'static_counter' is local to function 'task', using event id = 2
[INFO ] Add measurement instance for task.static_counter: addr = 0:0x0002026c
[ERROR] Variable 'delay_us' in function 'main' skipped, no address
[ERROR] Variable 'p' in function 'main' skipped, no address
[INFO ] Add measurement instance for foo.test_float: addr = 2:0x00010078
[INFO ] Add measurement instance for foo.test_double: addr = 2:0x00010070
[INFO ] Add measurement instance for foo.test_uint8: addr = 2:0x0001006f
[INFO ] Add measurement instance for foo.test_uint16: addr = 2:0x0001006c
[INFO ] Add measurement instance for foo.test_uint32: addr = 2:0x00010068
[INFO ] Add measurement instance for foo.test_uint64: addr = 2:0x00010060
[INFO ] Add measurement instance for foo.test_int8: addr = 2:0x0001005f
[INFO ] Add measurement instance for foo.test_int16: addr = 2:0x0001005c
[INFO ] Add measurement instance for foo.test_int32: addr = 2:0x00010058
[INFO ] Add measurement instance for foo.test_int64: addr = 2:0x00010050
[INFO ] Add measurement instance for foo.test_struct: addr = 2:0x00010040
[WARN ] Duplicate typedef name test_struct, equality not checked!
[ERROR] Variable 'thread_local_counter' in function 'task' skipped, no address
[ERROR] Variable 'heap_struct' in function 'task' skipped, no address
[ERROR] Variable 'tls_base' in function 'task' skipped, no address
[ERROR] Variable 'tls_base' in function 'get_tls_base_address' skipped, no address
[WARN ] Overwriting existing A2L file: tmp.a2l
[INFO ] Write A2L file "tmp.a2l"
[INFO ] Check A2L file "tmp.a2l"
[WARN ] A2L check: Cross-reference error: SUB_GROUP params on line 242 references a non-existent GROUP params
[WARN ] A2L check: Cross-reference error: GROUP Characteristics on line 242 references a non-existent GROUP params
[WARN ] A2L file check with 2 warnings !!
[INFO ] Created A2L with file: tmp.a2l ELF/DWARF information only,  offline mode
